2019/08/02 09:44:02.630 http-nio-8080-ClientPoller-0 DEBUG o.apache.tomcat.util.net.NioEndpoint - timeout completed: keys processed=0; now=1564749842630; nextExpiration=1564708473055; keyCount=0; hasEvents=false; eval=false 
2019/08/02 09:44:03.212 http-nio-8080-ClientPoller-1 DEBUG o.apache.tomcat.util.net.NioEndpoint - timeout completed: keys processed=1; now=1564749843212; nextExpiration=1564708473603; keyCount=0; hasEvents=false; eval=false 
2019/08/02 09:44:03.636 http-nio-8080-ClientPoller-0 DEBUG o.apache.tomcat.util.net.NioEndpoint - timeout completed: keys processed=0; now=1564749843636; nextExpiration=1564749843630; keyCount=0; hasEvents=false; eval=false 
2019/08/02 09:44:04.480 http-nio-8080-ClientPoller-1 DEBUG o.apache.tomcat.util.net.NioEndpoint - timeout completed: keys processed=1; now=1564749844480; nextExpiration=1564749844212; keyCount=0; hasEvents=false; eval=false 
2019/08/02 09:44:04.636 http-nio-8080-ClientPoller-0 DEBUG o.apache.tomcat.util.net.NioEndpoint - timeout completed: keys processed=0; now=1564749844636; nextExpiration=1564749844636; keyCount=0; hasEvents=false; eval=false 
2019/08/02 09:44:05.481 http-nio-8080-ClientPoller-1 DEBUG o.apache.tomcat.util.net.NioEndpoint - timeout completed: keys processed=1; now=1564749845481; nextExpiration=1564749845480; keyCount=0; hasEvents=false; eval=false 
2019/08/02 09:44:05.637 http-nio-8080-ClientPoller-0 DEBUG o.apache.tomcat.util.net.NioEndpoint - timeout completed: keys processed=0; now=1564749845637; nextExpiration=1564749845636; keyCount=0; hasEvents=false; eval=false 
2019/08/02 09:44:06.481 http-nio-8080-ClientPoller-1 DEBUG o.apache.tomcat.util.net.NioEndpoint - timeout completed: keys processed=1; now=1564749846481; nextExpiration=1564749846481; keyCount=0; hasEvents=false; eval=false 
2019/08/02 09:44:06.651 http-nio-8080-ClientPoller-0 DEBUG o.apache.tomcat.util.net.NioEndpoint - timeout completed: keys processed=0; now=1564749846651; nextExpiration=1564749846637; keyCount=0; hasEvents=false; eval=false 
2019/08/02 09:44:07.492 http-nio-8080-ClientPoller-1 DEBUG o.apache.tomcat.util.net.NioEndpoint - timeout completed: keys processed=1; now=1564749847492; nextExpiration=1564749847481; keyCount=0; hasEvents=false; eval=false 
2019/08/02 09:44:07.653 http-nio-8080-ClientPoller-0 DEBUG o.apache.tomcat.util.net.NioEndpoint - timeout completed: keys processed=0; now=1564749847653; nextExpiration=1564749847651; keyCount=0; hasEvents=false; eval=false 
2019/08/02 09:44:08.497 http-nio-8080-ClientPoller-1 DEBUG o.apache.tomcat.util.net.NioEndpoint - timeout completed: keys processed=1; now=1564749848497; nextExpiration=1564749848492; keyCount=0; hasEvents=false; eval=false 
2019/08/02 09:44:08.661 http-nio-8080-ClientPoller-0 DEBUG o.apache.tomcat.util.net.NioEndpoint - timeout completed: keys processed=0; now=1564749848661; nextExpiration=1564749848653; keyCount=0; hasEvents=false; eval=false 
2019/08/02 09:44:09.508 http-nio-8080-ClientPoller-1 DEBUG o.apache.tomcat.util.net.NioEndpoint - timeout completed: keys processed=1; now=1564749849508; nextExpiration=1564749849497; keyCount=0; hasEvents=false; eval=false 
2019/08/02 09:44:09.670 http-nio-8080-ClientPoller-0 DEBUG o.apache.tomcat.util.net.NioEndpoint - timeout completed: keys processed=0; now=1564749849670; nextExpiration=1564749849661; keyCount=0; hasEvents=false; eval=false 
2019/08/02 09:44:10.525 http-nio-8080-ClientPoller-1 DEBUG o.apache.tomcat.util.net.NioEndpoint - timeout completed: keys processed=1; now=1564749850525; nextExpiration=1564749850508; keyCount=0; hasEvents=false; eval=false 
2019/08/02 09:44:10.685 http-nio-8080-ClientPoller-0 DEBUG o.apache.tomcat.util.net.NioEndpoint - timeout completed: keys processed=0; now=1564749850685; nextExpiration=1564749850670; keyCount=0; hasEvents=false; eval=false 
2019/08/02 09:44:11.532 http-nio-8080-ClientPoller-1 DEBUG o.apache.tomcat.util.net.NioEndpoint - timeout completed: keys processed=1; now=1564749851532; nextExpiration=1564749851525; keyCount=0; hasEvents=false; eval=false 
2019/08/02 09:44:11.695 http-nio-8080-ClientPoller-0 DEBUG o.apache.tomcat.util.net.NioEndpoint - timeout completed: keys processed=0; now=1564749851695; nextExpiration=1564749851685; keyCount=0; hasEvents=false; eval=false 
2019/08/02 09:44:12.535 http-nio-8080-ClientPoller-1 DEBUG o.apache.tomcat.util.net.NioEndpoint - timeout completed: keys processed=1; now=1564749852535; nextExpiration=1564749852532; keyCount=0; hasEvents=false; eval=false 
2019/08/02 09:44:12.697 http-nio-8080-ClientPoller-0 DEBUG o.apache.tomcat.util.net.NioEndpoint - timeout completed: keys processed=0; now=1564749852697; nextExpiration=1564749852695; keyCount=0; hasEvents=false; eval=false 
2019/08/02 09:44:13.537 http-nio-8080-ClientPoller-1 DEBUG o.apache.tomcat.util.net.NioEndpoint - timeout completed: keys processed=1; now=1564749853537; nextExpiration=1564749853535; keyCount=0; hasEvents=false; eval=false 
2019/08/02 09:44:13.700 http-nio-8080-ClientPoller-0 DEBUG o.apache.tomcat.util.net.NioEndpoint - timeout completed: keys processed=0; now=1564749853700; nextExpiration=1564749853697; keyCount=0; hasEvents=false; eval=false 
2019/08/02 09:44:14.540 http-nio-8080-ClientPoller-1 DEBUG o.apache.tomcat.util.net.NioEndpoint - timeout completed: keys processed=1; now=1564749854540; nextExpiration=1564749854537; keyCount=0; hasEvents=false; eval=false 
2019/08/02 09:44:14.702 http-nio-8080-ClientPoller-0 DEBUG o.apache.tomcat.util.net.NioEndpoint - timeout completed: keys processed=0; now=1564749854702; nextExpiration=1564749854700; keyCount=0; hasEvents=false; eval=false 
2019/08/02 09:44:15.542 http-nio-8080-ClientPoller-1 DEBUG o.apache.tomcat.util.net.NioEndpoint - timeout completed: keys processed=1; now=1564749855542; nextExpiration=1564749855540; keyCount=0; hasEvents=false; eval=false 
2019/08/02 09:44:15.705 http-nio-8080-ClientPoller-0 DEBUG o.apache.tomcat.util.net.NioEndpoint - timeout completed: keys processed=0; now=1564749855705; nextExpiration=1564749855702; keyCount=0; hasEvents=false; eval=false 
2019/08/02 09:44:16.545 http-nio-8080-ClientPoller-1 DEBUG o.apache.tomcat.util.net.NioEndpoint - timeout completed: keys processed=1; now=1564749856545; nextExpiration=1564749856542; keyCount=0; hasEvents=false; eval=false 
2019/08/02 09:44:16.708 http-nio-8080-ClientPoller-0 DEBUG o.apache.tomcat.util.net.NioEndpoint - timeout completed: keys processed=0; now=1564749856708; nextExpiration=1564749856705; keyCount=0; hasEvents=false; eval=false 
2019/08/02 09:44:17.550 http-nio-8080-ClientPoller-1 DEBUG o.apache.tomcat.util.net.NioEndpoint - timeout completed: keys processed=1; now=1564749857550; nextExpiration=1564749857545; keyCount=0; hasEvents=false; eval=false 
2019/08/02 09:44:17.712 http-nio-8080-ClientPoller-0 DEBUG o.apache.tomcat.util.net.NioEndpoint - timeout completed: keys processed=0; now=1564749857712; nextExpiration=1564749857708; keyCount=0; hasEvents=false; eval=false 
2019/08/02 09:44:18.551 http-nio-8080-ClientPoller-1 DEBUG o.apache.tomcat.util.net.NioEndpoint - timeout completed: keys processed=1; now=1564749858551; nextExpiration=1564749858550; keyCount=0; hasEvents=false; eval=false 
2019/08/02 09:44:18.714 http-nio-8080-ClientPoller-0 DEBUG o.apache.tomcat.util.net.NioEndpoint - timeout completed: keys processed=0; now=1564749858714; nextExpiration=1564749858712; keyCount=0; hasEvents=false; eval=false 
2019/08/02 09:44:19.553 http-nio-8080-ClientPoller-1 DEBUG o.apache.tomcat.util.net.NioEndpoint - timeout completed: keys processed=1; now=1564749859553; nextExpiration=1564749859551; keyCount=0; hasEvents=false; eval=false 
2019/08/02 09:44:19.716 http-nio-8080-ClientPoller-0 DEBUG o.apache.tomcat.util.net.NioEndpoint - timeout completed: keys processed=0; now=1564749859716; nextExpiration=1564749859714; keyCount=0; hasEvents=false; eval=false 
2019/08/02 09:44:20.555 http-nio-8080-ClientPoller-1 DEBUG o.apache.tomcat.util.net.NioEndpoint - timeout completed: keys processed=1; now=1564749860555; nextExpiration=1564749860553; keyCount=0; hasEvents=false; eval=false 
2019/08/02 09:44:20.718 http-nio-8080-ClientPoller-0 DEBUG o.apache.tomcat.util.net.NioEndpoint - timeout completed: keys processed=0; now=1564749860718; nextExpiration=1564749860716; keyCount=0; hasEvents=false; eval=false 
2019/08/02 09:44:21.558 http-nio-8080-ClientPoller-1 DEBUG o.apache.tomcat.util.net.NioEndpoint - timeout completed: keys processed=1; now=1564749861558; nextExpiration=1564749861555; keyCount=0; hasEvents=false; eval=false 
2019/08/02 09:44:21.720 http-nio-8080-ClientPoller-0 DEBUG o.apache.tomcat.util.net.NioEndpoint - timeout completed: keys processed=0; now=1564749861720; nextExpiration=1564749861718; keyCount=0; hasEvents=false; eval=false 
2019/08/02 09:44:22.559 http-nio-8080-ClientPoller-1 DEBUG o.apache.tomcat.util.net.NioEndpoint - timeout completed: keys processed=1; now=1564749862559; nextExpiration=1564749862558; keyCount=0; hasEvents=false; eval=false 
2019/08/02 09:44:22.722 http-nio-8080-ClientPoller-0 DEBUG o.apache.tomcat.util.net.NioEndpoint - timeout completed: keys processed=0; now=1564749862722; nextExpiration=1564749862720; keyCount=0; hasEvents=false; eval=false 
2019/08/02 09:44:23.562 http-nio-8080-ClientPoller-1 DEBUG o.apache.tomcat.util.net.NioEndpoint - timeout completed: keys processed=1; now=1564749863562; nextExpiration=1564749863559; keyCount=0; hasEvents=false; eval=false 
2019/08/02 09:44:23.725 http-nio-8080-ClientPoller-0 DEBUG o.apache.tomcat.util.net.NioEndpoint - timeout completed: keys processed=0; now=1564749863725; nextExpiration=1564749863722; keyCount=0; hasEvents=false; eval=false 
2019/08/02 09:44:24.565 http-nio-8080-ClientPoller-1 DEBUG o.apache.tomcat.util.net.NioEndpoint - timeout completed: keys processed=1; now=1564749864565; nextExpiration=1564749864562; keyCount=0; hasEvents=false; eval=false 
2019/08/02 09:44:24.727 http-nio-8080-ClientPoller-0 DEBUG o.apache.tomcat.util.net.NioEndpoint - timeout completed: keys processed=0; now=1564749864727; nextExpiration=1564749864725; keyCount=0; hasEvents=false; eval=false 
2019/08/02 09:44:25.567 http-nio-8080-ClientPoller-1 DEBUG o.apache.tomcat.util.net.NioEndpoint - timeout completed: keys processed=1; now=1564749865567; nextExpiration=1564749865565; keyCount=0; hasEvents=false; eval=false 
2019/08/02 09:44:25.730 http-nio-8080-ClientPoller-0 DEBUG o.apache.tomcat.util.net.NioEndpoint - timeout completed: keys processed=0; now=1564749865730; nextExpiration=1564749865727; keyCount=0; hasEvents=false; eval=false 
2019/08/02 09:44:26.570 http-nio-8080-ClientPoller-1 DEBUG o.apache.tomcat.util.net.NioEndpoint - timeout completed: keys processed=1; now=1564749866570; nextExpiration=1564749866567; keyCount=0; hasEvents=false; eval=false 
2019/08/02 09:44:26.733 http-nio-8080-ClientPoller-0 DEBUG o.apache.tomcat.util.net.NioEndpoint - timeout completed: keys processed=0; now=1564749866733; nextExpiration=1564749866730; keyCount=0; hasEvents=false; eval=false 
2019/08/02 09:44:26.849 dataSourceSercicosGerados housekeeper WARN  com.zaxxer.hikari.pool.HikariPool - dataSourceSercicosGerados - Thread starvation or clock leap detected (housekeeper delta=11h30m5s345ms589µs478ns). 
2019/08/02 09:44:26.849 dataSourceSercicosGerados housekeeper DEBUG com.zaxxer.hikari.pool.HikariPool - dataSourceSercicosGerados - Pool stats (total=10, active=0, idle=10, waiting=0) 
2019/08/02 09:44:26.849 dataSourceSercicosGerados connection closer DEBUG com.zaxxer.hikari.pool.PoolBase - dataSourceSercicosGerados - Closing connection com.mysql.jdbc.JDBC4Connection@7d182f3b: (connection has passed maxLifetime) 
2019/08/02 09:44:26.849 dataSourceSercicosGerados connection closer DEBUG com.zaxxer.hikari.pool.PoolBase - dataSourceSercicosGerados - Closing connection com.mysql.jdbc.JDBC4Connection@30354268: (connection has passed maxLifetime) 
2019/08/02 09:44:26.849 dataSourceSercicosGerados connection closer DEBUG com.zaxxer.hikari.pool.PoolBase - dataSourceSercicosGerados - Closing connection com.mysql.jdbc.JDBC4Connection@287f25f0: (connection has passed maxLifetime) 
2019/08/02 09:44:26.849 dataSourceSercicosGerados connection closer DEBUG com.zaxxer.hikari.pool.PoolBase - dataSourceSercicosGerados - Closing connection com.mysql.jdbc.JDBC4Connection@238cb3e7: (connection has passed maxLifetime) 
2019/08/02 09:44:26.855 dataSourceSercicosGerados connection closer DEBUG com.zaxxer.hikari.pool.PoolBase - dataSourceSercicosGerados - Closing connection com.mysql.jdbc.JDBC4Connection@45d4650b: (connection has passed maxLifetime) 
2019/08/02 09:44:26.855 dataSourceSercicosGerados connection closer DEBUG com.zaxxer.hikari.pool.PoolBase - dataSourceSercicosGerados - Closing connection com.mysql.jdbc.JDBC4Connection@b417051: (connection has passed maxLifetime) 
2019/08/02 09:44:26.855 dataSourceSercicosGerados connection closer DEBUG com.zaxxer.hikari.pool.PoolBase - dataSourceSercicosGerados - Closing connection com.mysql.jdbc.JDBC4Connection@91c8d70: (connection has passed maxLifetime) 
2019/08/02 09:44:26.855 dataSourceSercicosGerados connection closer DEBUG com.zaxxer.hikari.pool.PoolBase - dataSourceSercicosGerados - Closing connection com.mysql.jdbc.JDBC4Connection@50ea6dce: (connection has passed maxLifetime) 
2019/08/02 09:44:26.855 dataSourceSercicosGerados connection closer DEBUG com.zaxxer.hikari.pool.PoolBase - dataSourceSercicosGerados - Closing connection com.mysql.jdbc.JDBC4Connection@5069d656: (connection has passed maxLifetime) 
2019/08/02 09:44:26.855 dataSourceSercicosGerados connection closer DEBUG com.zaxxer.hikari.pool.PoolBase - dataSourceSercicosGerados - Closing connection com.mysql.jdbc.JDBC4Connection@350ce505: (connection has passed maxLifetime) 
2019/08/02 09:44:26.855 dataSourceSercicosGerados connection adder DEBUG com.zaxxer.hikari.pool.HikariPool - dataSourceSercicosGerados - Added connection com.mysql.jdbc.JDBC4Connection@7cd8d7cd 
2019/08/02 09:44:26.855 dataSourceSercicosGerados connection adder DEBUG com.zaxxer.hikari.pool.HikariPool - dataSourceSercicosGerados - Added connection com.mysql.jdbc.JDBC4Connection@8a9caa0 
2019/08/02 09:44:26.855 dataSourceSercicosGerados connection adder DEBUG com.zaxxer.hikari.pool.HikariPool - dataSourceSercicosGerados - Added connection com.mysql.jdbc.JDBC4Connection@75b29963 
2019/08/02 09:44:26.871 dataSourceSercicosGerados connection adder DEBUG com.zaxxer.hikari.pool.HikariPool - dataSourceSercicosGerados - Added connection com.mysql.jdbc.JDBC4Connection@5dbb1421 
2019/08/02 09:44:26.871 dataSourceSercicosGerados connection adder DEBUG com.zaxxer.hikari.pool.HikariPool - dataSourceSercicosGerados - Added connection com.mysql.jdbc.JDBC4Connection@6cf65319 
2019/08/02 09:44:26.871 dataSourceSercicosGerados connection adder DEBUG com.zaxxer.hikari.pool.HikariPool - dataSourceSercicosGerados - Added connection com.mysql.jdbc.JDBC4Connection@129af74 
2019/08/02 09:44:26.871 dataSourceSercicosGerados connection adder DEBUG com.zaxxer.hikari.pool.HikariPool - dataSourceSercicosGerados - Added connection com.mysql.jdbc.JDBC4Connection@264bd70e 
2019/08/02 09:44:26.887 dataSourceSercicosGerados connection adder DEBUG com.zaxxer.hikari.pool.HikariPool - dataSourceSercicosGerados - Added connection com.mysql.jdbc.JDBC4Connection@34fada61 
2019/08/02 09:44:26.887 dataSourceSercicosGerados connection adder DEBUG com.zaxxer.hikari.pool.HikariPool - dataSourceSercicosGerados - Added connection com.mysql.jdbc.JDBC4Connection@96c1008 
2019/08/02 09:44:26.887 dataSourceSercicosGerados connection adder DEBUG com.zaxxer.hikari.pool.HikariPool - dataSourceSercicosGerados - Added connection com.mysql.jdbc.JDBC4Connection@1f8f8973 
2019/08/02 09:44:27.572 http-nio-8080-ClientPoller-1 DEBUG o.apache.tomcat.util.net.NioEndpoint - timeout completed: keys processed=1; now=1564749867572; nextExpiration=1564749867570; keyCount=0; hasEvents=false; eval=false 
2019/08/02 09:44:27.735 http-nio-8080-ClientPoller-0 DEBUG o.apache.tomcat.util.net.NioEndpoint - timeout completed: keys processed=0; now=1564749867735; nextExpiration=1564749867733; keyCount=0; hasEvents=false; eval=false 
2019/08/02 09:44:28.574 http-nio-8080-ClientPoller-1 DEBUG o.apache.tomcat.util.net.NioEndpoint - timeout completed: keys processed=1; now=1564749868574; nextExpiration=1564749868572; keyCount=0; hasEvents=false; eval=false 
2019/08/02 09:44:28.737 http-nio-8080-ClientPoller-0 DEBUG o.apache.tomcat.util.net.NioEndpoint - timeout completed: keys processed=0; now=1564749868737; nextExpiration=1564749868735; keyCount=0; hasEvents=false; eval=false 
2019/08/02 09:44:29.576 http-nio-8080-ClientPoller-1 DEBUG o.apache.tomcat.util.net.NioEndpoint - timeout completed: keys processed=1; now=1564749869576; nextExpiration=1564749869574; keyCount=0; hasEvents=false; eval=false 
2019/08/02 09:44:29.739 http-nio-8080-ClientPoller-0 DEBUG o.apache.tomcat.util.net.NioEndpoint - timeout completed: keys processed=0; now=1564749869739; nextExpiration=1564749869737; keyCount=0; hasEvents=false; eval=false 
2019/08/02 09:44:30.580 http-nio-8080-ClientPoller-1 DEBUG o.apache.tomcat.util.net.NioEndpoint - timeout completed: keys processed=1; now=1564749870580; nextExpiration=1564749870576; keyCount=0; hasEvents=false; eval=false 
2019/08/02 09:44:30.742 http-nio-8080-ClientPoller-0 DEBUG o.apache.tomcat.util.net.NioEndpoint - timeout completed: keys processed=0; now=1564749870742; nextExpiration=1564749870739; keyCount=0; hasEvents=false; eval=false 
2019/08/02 09:44:31.582 http-nio-8080-ClientPoller-1 DEBUG o.apache.tomcat.util.net.NioEndpoint - timeout completed: keys processed=1; now=1564749871582; nextExpiration=1564749871580; keyCount=0; hasEvents=false; eval=false 
2019/08/02 09:44:31.745 http-nio-8080-ClientPoller-0 DEBUG o.apache.tomcat.util.net.NioEndpoint - timeout completed: keys processed=0; now=1564749871745; nextExpiration=1564749871742; keyCount=0; hasEvents=false; eval=false 
2019/08/02 09:44:32.585 http-nio-8080-ClientPoller-1 DEBUG o.apache.tomcat.util.net.NioEndpoint - timeout completed: keys processed=1; now=1564749872585; nextExpiration=1564749872582; keyCount=0; hasEvents=false; eval=false 
2019/08/02 09:44:32.748 http-nio-8080-ClientPoller-0 DEBUG o.apache.tomcat.util.net.NioEndpoint - timeout completed: keys processed=0; now=1564749872748; nextExpiration=1564749872745; keyCount=0; hasEvents=false; eval=false 
2019/08/02 09:44:33.586 http-nio-8080-ClientPoller-1 DEBUG o.apache.tomcat.util.net.NioEndpoint - timeout completed: keys processed=1; now=1564749873586; nextExpiration=1564749873585; keyCount=0; hasEvents=false; eval=false 
2019/08/02 09:44:33.749 http-nio-8080-ClientPoller-0 DEBUG o.apache.tomcat.util.net.NioEndpoint - timeout completed: keys processed=0; now=1564749873749; nextExpiration=1564749873748; keyCount=0; hasEvents=false; eval=false 
2019/08/02 09:44:34.606 http-nio-8080-ClientPoller-1 DEBUG o.apache.tomcat.util.net.NioEndpoint - timeout completed: keys processed=1; now=1564749874606; nextExpiration=1564749874586; keyCount=0; hasEvents=false; eval=false 
2019/08/02 09:44:34.765 http-nio-8080-ClientPoller-0 DEBUG o.apache.tomcat.util.net.NioEndpoint - timeout completed: keys processed=0; now=1564749874765; nextExpiration=1564749874749; keyCount=0; hasEvents=false; eval=false 
2019/08/02 09:44:35.606 http-nio-8080-ClientPoller-1 DEBUG o.apache.tomcat.util.net.NioEndpoint - timeout completed: keys processed=1; now=1564749875606; nextExpiration=1564749875606; keyCount=0; hasEvents=false; eval=false 
2019/08/02 09:44:35.766 http-nio-8080-ClientPoller-0 DEBUG o.apache.tomcat.util.net.NioEndpoint - timeout completed: keys processed=0; now=1564749875766; nextExpiration=1564749875765; keyCount=0; hasEvents=false; eval=false 
2019/08/02 09:44:36.611 http-nio-8080-ClientPoller-1 DEBUG o.apache.tomcat.util.net.NioEndpoint - timeout completed: keys processed=1; now=1564749876611; nextExpiration=1564749876606; keyCount=0; hasEvents=false; eval=false 
2019/08/02 09:44:36.780 http-nio-8080-ClientPoller-0 DEBUG o.apache.tomcat.util.net.NioEndpoint - timeout completed: keys processed=0; now=1564749876780; nextExpiration=1564749876766; keyCount=0; hasEvents=false; eval=false 
2019/08/02 09:44:37.613 http-nio-8080-ClientPoller-1 DEBUG o.apache.tomcat.util.net.NioEndpoint - timeout completed: keys processed=1; now=1564749877613; nextExpiration=1564749877611; keyCount=0; hasEvents=false; eval=false 
2019/08/02 09:44:37.782 http-nio-8080-ClientPoller-0 DEBUG o.apache.tomcat.util.net.NioEndpoint - timeout completed: keys processed=0; now=1564749877782; nextExpiration=1564749877780; keyCount=0; hasEvents=false; eval=false 
2019/08/02 09:44:38.615 http-nio-8080-ClientPoller-1 DEBUG o.apache.tomcat.util.net.NioEndpoint - timeout completed: keys processed=1; now=1564749878615; nextExpiration=1564749878613; keyCount=0; hasEvents=false; eval=false 
2019/08/02 09:44:38.784 http-nio-8080-ClientPoller-0 DEBUG o.apache.tomcat.util.net.NioEndpoint - timeout completed: keys processed=0; now=1564749878784; nextExpiration=1564749878782; keyCount=0; hasEvents=false; eval=false 
2019/08/02 09:44:39.618 http-nio-8080-ClientPoller-1 DEBUG o.apache.tomcat.util.net.NioEndpoint - timeout completed: keys processed=1; now=1564749879618; nextExpiration=1564749879615; keyCount=0; hasEvents=false; eval=false 
2019/08/02 09:44:39.787 http-nio-8080-ClientPoller-0 DEBUG o.apache.tomcat.util.net.NioEndpoint - timeout completed: keys processed=0; now=1564749879787; nextExpiration=1564749879784; keyCount=0; hasEvents=false; eval=false 
2019/08/02 09:44:40.621 http-nio-8080-ClientPoller-1 DEBUG o.apache.tomcat.util.net.NioEndpoint - timeout completed: keys processed=1; now=1564749880621; nextExpiration=1564749880618; keyCount=0; hasEvents=false; eval=false 
2019/08/02 09:44:40.789 http-nio-8080-ClientPoller-0 DEBUG o.apache.tomcat.util.net.NioEndpoint - timeout completed: keys processed=0; now=1564749880789; nextExpiration=1564749880787; keyCount=0; hasEvents=false; eval=false 
2019/08/02 09:44:41.623 http-nio-8080-ClientPoller-1 DEBUG o.apache.tomcat.util.net.NioEndpoint - timeout completed: keys processed=1; now=1564749881623; nextExpiration=1564749881621; keyCount=0; hasEvents=false; eval=false 
2019/08/02 09:44:41.792 http-nio-8080-ClientPoller-0 DEBUG o.apache.tomcat.util.net.NioEndpoint - timeout completed: keys processed=0; now=1564749881792; nextExpiration=1564749881789; keyCount=0; hasEvents=false; eval=false 
2019/08/02 09:44:42.625 http-nio-8080-ClientPoller-1 DEBUG o.apache.tomcat.util.net.NioEndpoint - timeout completed: keys processed=1; now=1564749882625; nextExpiration=1564749882623; keyCount=0; hasEvents=false; eval=false 
2019/08/02 09:44:42.794 http-nio-8080-ClientPoller-0 DEBUG o.apache.tomcat.util.net.NioEndpoint - timeout completed: keys processed=0; now=1564749882794; nextExpiration=1564749882792; keyCount=0; hasEvents=false; eval=false 
2019/08/02 09:44:43.627 http-nio-8080-ClientPoller-1 DEBUG o.apache.tomcat.util.net.NioEndpoint - timeout completed: keys processed=1; now=1564749883627; nextExpiration=1564749883625; keyCount=0; hasEvents=false; eval=false 
2019/08/02 09:44:43.797 http-nio-8080-ClientPoller-0 DEBUG o.apache.tomcat.util.net.NioEndpoint - timeout completed: keys processed=0; now=1564749883797; nextExpiration=1564749883794; keyCount=0; hasEvents=false; eval=false 
2019/08/02 09:44:44.630 http-nio-8080-ClientPoller-1 DEBUG o.apache.tomcat.util.net.NioEndpoint - timeout completed: keys processed=1; now=1564749884630; nextExpiration=1564749884627; keyCount=0; hasEvents=false; eval=false 
2019/08/02 09:44:44.800 http-nio-8080-ClientPoller-0 DEBUG o.apache.tomcat.util.net.NioEndpoint - timeout completed: keys processed=0; now=1564749884800; nextExpiration=1564749884797; keyCount=0; hasEvents=false; eval=false 
2019/08/02 09:44:45.633 http-nio-8080-ClientPoller-1 DEBUG o.apache.tomcat.util.net.NioEndpoint - timeout completed: keys processed=1; now=1564749885633; nextExpiration=1564749885630; keyCount=0; hasEvents=false; eval=false 
2019/08/02 09:44:45.802 http-nio-8080-ClientPoller-0 DEBUG o.apache.tomcat.util.net.NioEndpoint - timeout completed: keys processed=0; now=1564749885802; nextExpiration=1564749885800; keyCount=0; hasEvents=false; eval=false 
2019/08/02 09:44:46.635 http-nio-8080-ClientPoller-1 DEBUG o.apache.tomcat.util.net.NioEndpoint - timeout completed: keys processed=1; now=1564749886635; nextExpiration=1564749886633; keyCount=0; hasEvents=false; eval=false 
2019/08/02 09:44:46.805 http-nio-8080-ClientPoller-0 DEBUG o.apache.tomcat.util.net.NioEndpoint - timeout completed: keys processed=0; now=1564749886805; nextExpiration=1564749886802; keyCount=0; hasEvents=false; eval=false 
2019/08/02 09:44:47.639 http-nio-8080-ClientPoller-1 DEBUG o.apache.tomcat.util.net.NioEndpoint - timeout completed: keys processed=1; now=1564749887639; nextExpiration=1564749887635; keyCount=0; hasEvents=false; eval=false 
2019/08/02 09:44:47.808 http-nio-8080-ClientPoller-0 DEBUG o.apache.tomcat.util.net.NioEndpoint - timeout completed: keys processed=0; now=1564749887808; nextExpiration=1564749887805; keyCount=0; hasEvents=false; eval=false 
2019/08/02 09:44:48.641 http-nio-8080-ClientPoller-1 DEBUG o.apache.tomcat.util.net.NioEndpoint - timeout completed: keys processed=1; now=1564749888641; nextExpiration=1564749888639; keyCount=0; hasEvents=false; eval=false 
2019/08/02 09:44:48.810 http-nio-8080-ClientPoller-0 DEBUG o.apache.tomcat.util.net.NioEndpoint - timeout completed: keys processed=0; now=1564749888810; nextExpiration=1564749888808; keyCount=0; hasEvents=false; eval=false 
2019/08/02 09:44:49.645 http-nio-8080-ClientPoller-1 DEBUG o.apache.tomcat.util.net.NioEndpoint - timeout completed: keys processed=1; now=1564749889645; nextExpiration=1564749889641; keyCount=0; hasEvents=false; eval=false 
2019/08/02 09:44:49.814 http-nio-8080-ClientPoller-0 DEBUG o.apache.tomcat.util.net.NioEndpoint - timeout completed: keys processed=0; now=1564749889814; nextExpiration=1564749889810; keyCount=0; hasEvents=false; eval=false 
2019/08/02 09:44:50.648 http-nio-8080-ClientPoller-1 DEBUG o.apache.tomcat.util.net.NioEndpoint - timeout completed: keys processed=1; now=1564749890648; nextExpiration=1564749890645; keyCount=0; hasEvents=false; eval=false 
2019/08/02 09:44:50.817 http-nio-8080-ClientPoller-0 DEBUG o.apache.tomcat.util.net.NioEndpoint - timeout completed: keys processed=0; now=1564749890817; nextExpiration=1564749890814; keyCount=0; hasEvents=false; eval=false 
2019/08/02 09:44:51.650 http-nio-8080-ClientPoller-1 DEBUG o.apache.tomcat.util.net.NioEndpoint - timeout completed: keys processed=1; now=1564749891650; nextExpiration=1564749891648; keyCount=0; hasEvents=false; eval=false 
2019/08/02 09:44:51.820 http-nio-8080-ClientPoller-0 DEBUG o.apache.tomcat.util.net.NioEndpoint - timeout completed: keys processed=0; now=1564749891820; nextExpiration=1564749891817; keyCount=0; hasEvents=false; eval=false 
2019/08/02 09:44:52.653 http-nio-8080-ClientPoller-1 DEBUG o.apache.tomcat.util.net.NioEndpoint - timeout completed: keys processed=1; now=1564749892653; nextExpiration=1564749892650; keyCount=0; hasEvents=false; eval=false 
2019/08/02 09:44:52.823 http-nio-8080-ClientPoller-0 DEBUG o.apache.tomcat.util.net.NioEndpoint - timeout completed: keys processed=0; now=1564749892823; nextExpiration=1564749892820; keyCount=0; hasEvents=false; eval=false 
2019/08/02 09:44:53.657 http-nio-8080-ClientPoller-1 DEBUG o.apache.tomcat.util.net.NioEndpoint - timeout completed: keys processed=1; now=1564749893657; nextExpiration=1564749893653; keyCount=0; hasEvents=false; eval=false 
2019/08/02 09:44:53.826 http-nio-8080-ClientPoller-0 DEBUG o.apache.tomcat.util.net.NioEndpoint - timeout completed: keys processed=0; now=1564749893826; nextExpiration=1564749893823; keyCount=0; hasEvents=false; eval=false 
2019/08/02 09:44:54.660 http-nio-8080-ClientPoller-1 DEBUG o.apache.tomcat.util.net.NioEndpoint - timeout completed: keys processed=1; now=1564749894660; nextExpiration=1564749894657; keyCount=0; hasEvents=false; eval=false 
2019/08/02 09:44:54.833 http-nio-8080-ClientPoller-0 DEBUG o.apache.tomcat.util.net.NioEndpoint - timeout completed: keys processed=0; now=1564749894833; nextExpiration=1564749894826; keyCount=0; hasEvents=false; eval=false 
2019/08/02 09:44:55.672 http-nio-8080-ClientPoller-1 DEBUG o.apache.tomcat.util.net.NioEndpoint - timeout completed: keys processed=1; now=1564749895672; nextExpiration=1564749895660; keyCount=0; hasEvents=false; eval=false 
2019/08/02 09:44:55.841 http-nio-8080-ClientPoller-0 DEBUG o.apache.tomcat.util.net.NioEndpoint - timeout completed: keys processed=0; now=1564749895841; nextExpiration=1564749895833; keyCount=0; hasEvents=false; eval=false 
2019/08/02 09:44:56.675 http-nio-8080-ClientPoller-1 DEBUG o.apache.tomcat.util.net.NioEndpoint - timeout completed: keys processed=1; now=1564749896675; nextExpiration=1564749896672; keyCount=0; hasEvents=false; eval=false 
2019/08/02 09:44:56.844 http-nio-8080-ClientPoller-0 DEBUG o.apache.tomcat.util.net.NioEndpoint - timeout completed: keys processed=0; now=1564749896844; nextExpiration=1564749896841; keyCount=0; hasEvents=false; eval=false 
2019/08/02 09:44:56.860 dataSourceSercicosGerados housekeeper DEBUG com.zaxxer.hikari.pool.HikariPool - dataSourceSercicosGerados - Pool stats (total=10, active=0, idle=10, waiting=0) 
2019/08/02 09:44:57.678 http-nio-8080-ClientPoller-1 DEBUG o.apache.tomcat.util.net.NioEndpoint - timeout completed: keys processed=1; now=1564749897678; nextExpiration=1564749897675; keyCount=0; hasEvents=false; eval=false 
2019/08/02 09:44:57.848 http-nio-8080-ClientPoller-0 DEBUG o.apache.tomcat.util.net.NioEndpoint - timeout completed: keys processed=0; now=1564749897848; nextExpiration=1564749897844; keyCount=0; hasEvents=false; eval=false 
2019/08/02 09:44:58.682 http-nio-8080-ClientPoller-1 DEBUG o.apache.tomcat.util.net.NioEndpoint - timeout completed: keys processed=1; now=1564749898682; nextExpiration=1564749898678; keyCount=0; hasEvents=false; eval=false 
2019/08/02 09:44:58.851 http-nio-8080-ClientPoller-0 DEBUG o.apache.tomcat.util.net.NioEndpoint - timeout completed: keys processed=0; now=1564749898851; nextExpiration=1564749898848; keyCount=0; hasEvents=false; eval=false 
2019/08/02 09:44:59.685 http-nio-8080-ClientPoller-1 DEBUG o.apache.tomcat.util.net.NioEndpoint - timeout completed: keys processed=1; now=1564749899685; nextExpiration=1564749899682; keyCount=0; hasEvents=false; eval=false 
2019/08/02 09:44:59.854 http-nio-8080-ClientPoller-0 DEBUG o.apache.tomcat.util.net.NioEndpoint - timeout completed: keys processed=0; now=1564749899854; nextExpiration=1564749899851; keyCount=0; hasEvents=false; eval=false 
2019/08/02 09:45:00.688 http-nio-8080-ClientPoller-1 DEBUG o.apache.tomcat.util.net.NioEndpoint - timeout completed: keys processed=1; now=1564749900688; nextExpiration=1564749900685; keyCount=0; hasEvents=false; eval=false 
2019/08/02 09:45:00.858 http-nio-8080-ClientPoller-0 DEBUG o.apache.tomcat.util.net.NioEndpoint - timeout completed: keys processed=0; now=1564749900858; nextExpiration=1564749900854; keyCount=0; hasEvents=false; eval=false 
2019/08/02 09:45:01.691 http-nio-8080-ClientPoller-1 DEBUG o.apache.tomcat.util.net.NioEndpoint - timeout completed: keys processed=1; now=1564749901691; nextExpiration=1564749901688; keyCount=0; hasEvents=false; eval=false 
2019/08/02 09:45:01.861 http-nio-8080-ClientPoller-0 DEBUG o.apache.tomcat.util.net.NioEndpoint - timeout completed: keys processed=0; now=1564749901861; nextExpiration=1564749901858; keyCount=0; hasEvents=false; eval=false 
2019/08/02 09:45:02.694 http-nio-8080-ClientPoller-1 DEBUG o.apache.tomcat.util.net.NioEndpoint - timeout completed: keys processed=1; now=1564749902694; nextExpiration=1564749902691; keyCount=0; hasEvents=false; eval=false 
2019/08/02 09:45:02.863 http-nio-8080-ClientPoller-0 DEBUG o.apache.tomcat.util.net.NioEndpoint - timeout completed: keys processed=0; now=1564749902863; nextExpiration=1564749902861; keyCount=0; hasEvents=false; eval=false 
2019/08/02 09:45:03.697 http-nio-8080-ClientPoller-1 DEBUG o.apache.tomcat.util.net.NioEndpoint - timeout completed: keys processed=1; now=1564749903697; nextExpiration=1564749903694; keyCount=0; hasEvents=false; eval=false 
2019/08/02 09:45:03.867 http-nio-8080-ClientPoller-0 DEBUG o.apache.tomcat.util.net.NioEndpoint - timeout completed: keys processed=0; now=1564749903867; nextExpiration=1564749903863; keyCount=0; hasEvents=false; eval=false 
